Using pre-set license
Built from '2020.2/staging' branch; Version is '2020.2.3f1 (8ff31bc5bf5b) revision 9433883'; Using compiler version '192528614'; Build Type 'Release'
OS: 'Windows 10 Pro; OS build 19042.804; Version 2009; 64bit' Language: 'ko' Physical Memory: 8067 MB
BatchMode: 1, IsHumanControllingUs: 0, StartBugReporterOnCrash: 0, Is64bit: 1, IsPro: 0

 COMMAND LINE ARGUMENTS:
C:\Program Files\Unity\Hub\Editor\2020.2.3f1\Editor\Unity.exe
-adb2
-batchMode
-noUpm
-name
AssetImportWorker0
-projectPath
C:/Users/Jyosun/Desktop/Unity_Game/JSGAME7
-logFile
Logs/AssetImportWorker0.log
-srvPort
58455
Successfully changed project path to: C:/Users/Jyosun/Desktop/Unity_Game/JSGAME7
C:/Users/Jyosun/Desktop/Unity_Game/JSGAME7
Using Asset Import Pipeline V2.
Refreshing native plugins compatible for Editor in 60.75 ms, found 1 plugins.
Preloading 0 native plugins for Editor in 0.00 ms.
Initialize engine version: 2020.2.3f1 (8ff31bc5bf5b)
[Subsystems] Discovering subsystems at path C:/Program Files/Unity/Hub/Editor/2020.2.3f1/Editor/Data/Resources/UnitySubsystems
[Subsystems] Discovering subsystems at path C:/Users/Jyosun/Desktop/Unity_Game/JSGAME7/Assets
GfxDevice: creating device client; threaded=0
Direct3D:
    Version:  Direct3D 11.0 [level 11.1]
    Renderer: NVIDIA GeForce GTX 1050 Ti (ID=0x1c8c)
    Vendor:   
    VRAM:     4021 MB
    Driver:   23.21.13.9125
Initialize mono
Mono path[0] = 'C:/Program Files/Unity/Hub/Editor/2020.2.3f1/Editor/Data/Managed'
Mono path[1] = 'C:/Program Files/Unity/Hub/Editor/2020.2.3f1/Editor/Data/MonoBleedingEdge/lib/mono/unityjit'
Mono config path = 'C:/Program Files/Unity/Hub/Editor/2020.2.3f1/Editor/Data/MonoBleedingEdge/etc'
Using monoOptions --debugger-agent=transport=dt_socket,embedding=1,server=y,suspend=n,address=127.0.0.1:56752
Begin MonoManager ReloadAssembly
Registering precompiled unity dll's ...
Register platform support module: C:/Program Files/Unity/Hub/Editor/2020.2.3f1/Editor/Data/PlaybackEngines/WindowsStandaloneSupport/UnityEditor.WindowsStandalone.Extensions.dll
Registered in 0.058850 seconds.
Native extension for WindowsStandalone target not found
Refreshing native plugins compatible for Editor in 141.63 ms, found 1 plugins.
Preloading 0 native plugins for Editor in 0.00 ms.
Invoked RoslynAnalysisRunner static constructor.
RoslynAnalysisRunner will not be running.
RoslynAnalysisRunner has terminated.
Mono: successfully reloaded assembly
- Completed reload, in  7.424 seconds
Platform modules already initialized, skipping
Registering precompiled user dll's ...
Registered in 0.012049 seconds.
Begin MonoManager ReloadAssembly
Native extension for WindowsStandalone target not found
Refreshing native plugins compatible for Editor in 120.95 ms, found 1 plugins.
Preloading 0 native plugins for Editor in 0.00 ms.
Invoked RoslynAnalysisRunner static constructor.
RoslynAnalysisRunner will not be running.
RoslynAnalysisRunner has terminated.
Mono: successfully reloaded assembly
- Completed reload, in  2.844 seconds
Platform modules already initialized, skipping
========================================================================
Worker process is ready to serve import requests
Launched and connected shader compiler UnityShaderCompiler.exe after 0.13 seconds
Refreshing native plugins compatible for Editor in 0.77 ms, found 1 plugins.
Preloading 0 native plugins for Editor in 0.00 ms.
Unloading 1825 Unused Serialized files (Serialized files now loaded: 0)
System memory in use before: 160.2 MB.
System memory in use after: 160.1 MB.

Unloading 26 unused Assets to reduce memory usage. Loaded Objects now: 2272.
Total: 5.264100 ms (FindLiveObjects: 1.162300 ms CreateObjectMapping: 0.231500 ms MarkObjects: 3.627400 ms  DeleteObjects: 0.231000 ms)

========================================================================
Received Import Request.
  path: Assets/Scripts/Card.cs
  artifactKey: Guid(775d6a9dd9f601846869cd39b0c81f7a) Importer(815301076,1909f56bfc062723c751e8b465ee728b)
Start importing Assets/Scripts/Card.cs using Guid(775d6a9dd9f601846869cd39b0c81f7a) Importer(815301076,1909f56bfc062723c751e8b465ee728b)  -> (artifact id: '11224f3912fd22717d55c8c018727484') in 0.088443 seconds
  Import took 0.099370 seconds .

========================================================================
Received Prepare
Registering precompiled user dll's ...
Registered in 0.004695 seconds.
Begin MonoManager ReloadAssembly
Native extension for WindowsStandalone target not found
Refreshing native plugins compatible for Editor in 0.42 ms, found 1 plugins.
Preloading 0 native plugins for Editor in 0.00 ms.
Invoked RoslynAnalysisRunner static constructor.
RoslynAnalysisRunner will not be running.
RoslynAnalysisRunner has terminated.
Mono: successfully reloaded assembly
- Completed reload, in  1.151 seconds
Platform modules already initialized, skipping
Refreshing native plugins compatible for Editor in 0.45 ms, found 1 plugins.
Preloading 0 native plugins for Editor in 0.00 ms.
Unloading 1807 Unused Serialized files (Serialized files now loaded: 0)
System memory in use before: 159.1 MB.
System memory in use after: 159.1 MB.

Unloading 14 unused Assets to reduce memory usage. Loaded Objects now: 2275.
Total: 3.068000 ms (FindLiveObjects: 0.423500 ms CreateObjectMapping: 0.125600 ms MarkObjects: 2.379900 ms  DeleteObjects: 0.137600 ms)

========================================================================
Received Prepare
Registering precompiled user dll's ...
Registered in 0.003067 seconds.
Begin MonoManager ReloadAssembly
Native extension for WindowsStandalone target not found
Refreshing native plugins compatible for Editor in 0.45 ms, found 1 plugins.
Preloading 0 native plugins for Editor in 0.00 ms.
Invoked RoslynAnalysisRunner static constructor.
RoslynAnalysisRunner will not be running.
RoslynAnalysisRunner has terminated.
Mono: successfully reloaded assembly
- Completed reload, in  1.059 seconds
Platform modules already initialized, skipping
Refreshing native plugins compatible for Editor in 0.42 ms, found 1 plugins.
Preloading 0 native plugins for Editor in 0.00 ms.
Unloading 1807 Unused Serialized files (Serialized files now loaded: 0)
System memory in use before: 159.2 MB.
System memory in use after: 159.2 MB.

Unloading 14 unused Assets to reduce memory usage. Loaded Objects now: 2278.
Total: 2.476900 ms (FindLiveObjects: 0.275000 ms CreateObjectMapping: 0.174600 ms MarkObjects: 1.876400 ms  DeleteObjects: 0.148800 ms)

========================================================================
Received Prepare
Registering precompiled user dll's ...
Registered in 0.003512 seconds.
Begin MonoManager ReloadAssembly
Native extension for WindowsStandalone target not found
Refreshing native plugins compatible for Editor in 0.58 ms, found 1 plugins.
Preloading 0 native plugins for Editor in 0.00 ms.
Invoked RoslynAnalysisRunner static constructor.
RoslynAnalysisRunner will not be running.
RoslynAnalysisRunner has terminated.
Mono: successfully reloaded assembly
- Completed reload, in  0.936 seconds
Platform modules already initialized, skipping
Refreshing native plugins compatible for Editor in 0.42 ms, found 1 plugins.
Preloading 0 native plugins for Editor in 0.00 ms.
Unloading 1807 Unused Serialized files (Serialized files now loaded: 0)
System memory in use before: 159.2 MB.
System memory in use after: 159.2 MB.

Unloading 14 unused Assets to reduce memory usage. Loaded Objects now: 2281.
Total: 3.736200 ms (FindLiveObjects: 0.310100 ms CreateObjectMapping: 0.069000 ms MarkObjects: 3.141400 ms  DeleteObjects: 0.214100 ms)

========================================================================
Received Import Request.
  Time since last request: 1386.966173 seconds.
  path: Assets/Sprites/card.png
  artifactKey: Guid(dccf2f3ab1b23de469cb3166df7d1952) Importer(815301076,1909f56bfc062723c751e8b465ee728b)
Start importing Assets/Sprites/card.png using Guid(dccf2f3ab1b23de469cb3166df7d1952) Importer(815301076,1909f56bfc062723c751e8b465ee728b)  -> (artifact id: 'fe60ff743e38307361b353eebab1d9e7') in 0.188209 seconds
  Import took 0.193489 seconds .

========================================================================
Received Prepare
Registering precompiled user dll's ...
Registered in 0.003628 seconds.
Begin MonoManager ReloadAssembly
Native extension for WindowsStandalone target not found
Refreshing native plugins compatible for Editor in 0.52 ms, found 1 plugins.
Preloading 0 native plugins for Editor in 0.00 ms.
Invoked RoslynAnalysisRunner static constructor.
RoslynAnalysisRunner will not be running.
RoslynAnalysisRunner has terminated.
Mono: successfully reloaded assembly
- Completed reload, in  0.946 seconds
Platform modules already initialized, skipping
Refreshing native plugins compatible for Editor in 0.40 ms, found 1 plugins.
Preloading 0 native plugins for Editor in 0.00 ms.
Unloading 1807 Unused Serialized files (Serialized files now loaded: 0)
System memory in use before: 162.3 MB.
System memory in use after: 162.3 MB.

Unloading 14 unused Assets to reduce memory usage. Loaded Objects now: 2299.
Total: 2.944900 ms (FindLiveObjects: 0.348900 ms CreateObjectMapping: 0.154400 ms MarkObjects: 2.245000 ms  DeleteObjects: 0.195000 ms)

========================================================================
Received Prepare
Registering precompiled user dll's ...
Registered in 0.003802 seconds.
Begin MonoManager ReloadAssembly
Native extension for WindowsStandalone target not found
Refreshing native plugins compatible for Editor in 0.43 ms, found 1 plugins.
Preloading 0 native plugins for Editor in 0.00 ms.
Invoked RoslynAnalysisRunner static constructor.
RoslynAnalysisRunner will not be running.
RoslynAnalysisRunner has terminated.
Mono: successfully reloaded assembly
- Completed reload, in  1.024 seconds
Platform modules already initialized, skipping
Refreshing native plugins compatible for Editor in 0.40 ms, found 1 plugins.
Preloading 0 native plugins for Editor in 0.00 ms.
Unloading 1807 Unused Serialized files (Serialized files now loaded: 0)
System memory in use before: 162.3 MB.
System memory in use after: 162.3 MB.

Unloading 14 unused Assets to reduce memory usage. Loaded Objects now: 2302.
Total: 2.857700 ms (FindLiveObjects: 0.292800 ms CreateObjectMapping: 0.181300 ms MarkObjects: 2.195400 ms  DeleteObjects: 0.186500 ms)

========================================================================
Received Prepare
Registering precompiled user dll's ...
Registered in 0.003112 seconds.
Begin MonoManager ReloadAssembly
Native extension for WindowsStandalone target not found
Refreshing native plugins compatible for Editor in 0.45 ms, found 1 plugins.
Preloading 0 native plugins for Editor in 0.00 ms.
Invoked RoslynAnalysisRunner static constructor.
RoslynAnalysisRunner will not be running.
RoslynAnalysisRunner has terminated.
Mono: successfully reloaded assembly
- Completed reload, in  1.481 seconds
Platform modules already initialized, skipping
Refreshing native plugins compatible for Editor in 0.46 ms, found 1 plugins.
Preloading 0 native plugins for Editor in 0.00 ms.
Unloading 1807 Unused Serialized files (Serialized files now loaded: 0)
System memory in use before: 162.3 MB.
System memory in use after: 162.3 MB.

Unloading 14 unused Assets to reduce memory usage. Loaded Objects now: 2305.
Total: 3.561800 ms (FindLiveObjects: 0.441300 ms CreateObjectMapping: 0.090500 ms MarkObjects: 2.819000 ms  DeleteObjects: 0.208400 ms)

========================================================================
Received Import Request.
  Time since last request: 1614.230253 seconds.
  path: Assets/Prefabs/Entity.prefab
  artifactKey: Guid(5c913d8c937aedb4896b05f417be1bf6) Importer(815301076,1909f56bfc062723c751e8b465ee728b)
Start importing Assets/Prefabs/Entity.prefab using Guid(5c913d8c937aedb4896b05f417be1bf6) Importer(815301076,1909f56bfc062723c751e8b465ee728b)  -> (artifact id: 'b1c69b43154b19348608b9c33f53e2a0') in 0.665459 seconds
  Import took 0.671965 seconds .

========================================================================
Received Prepare
Registering precompiled user dll's ...
Registered in 0.003180 seconds.
Begin MonoManager ReloadAssembly
Native extension for WindowsStandalone target not found
Refreshing native plugins compatible for Editor in 0.35 ms, found 1 plugins.
Preloading 0 native plugins for Editor in 0.00 ms.
Invoked RoslynAnalysisRunner static constructor.
RoslynAnalysisRunner will not be running.
RoslynAnalysisRunner has terminated.
Mono: successfully reloaded assembly
- Completed reload, in  1.062 seconds
Platform modules already initialized, skipping
Refreshing native plugins compatible for Editor in 0.45 ms, found 1 plugins.
Preloading 0 native plugins for Editor in 0.00 ms.
Unloading 1808 Unused Serialized files (Serialized files now loaded: 0)
System memory in use before: 162.4 MB.
System memory in use after: 162.4 MB.

Unloading 14 unused Assets to reduce memory usage. Loaded Objects now: 2314.
Total: 2.437100 ms (FindLiveObjects: 0.210700 ms CreateObjectMapping: 0.097300 ms MarkObjects: 1.957600 ms  DeleteObjects: 0.169700 ms)

========================================================================
Received Import Request.
  Time since last request: 33.991428 seconds.
  path: Assets/Scripts/Damage.cs
  artifactKey: Guid(b51ca4af9aeb9f94cb2c25429340630b) Importer(815301076,1909f56bfc062723c751e8b465ee728b)
Start importing Assets/Scripts/Damage.cs using Guid(b51ca4af9aeb9f94cb2c25429340630b) Importer(815301076,1909f56bfc062723c751e8b465ee728b)  -> (artifact id: '42ef237676fee4a63751217ca6e73065') in 0.010927 seconds
  Import took 0.014841 seconds .

========================================================================
Received Prepare
Registering precompiled user dll's ...
Registered in 0.004575 seconds.
Begin MonoManager ReloadAssembly
Native extension for WindowsStandalone target not found
Refreshing native plugins compatible for Editor in 0.37 ms, found 1 plugins.
Preloading 0 native plugins for Editor in 0.00 ms.
Invoked RoslynAnalysisRunner static constructor.
RoslynAnalysisRunner will not be running.
RoslynAnalysisRunner has terminated.
Mono: successfully reloaded assembly
- Completed reload, in  1.164 seconds
Platform modules already initialized, skipping
Refreshing native plugins compatible for Editor in 0.45 ms, found 1 plugins.
Preloading 0 native plugins for Editor in 0.00 ms.
Unloading 1808 Unused Serialized files (Serialized files now loaded: 0)
System memory in use before: 162.4 MB.
System memory in use after: 162.4 MB.

Unloading 14 unused Assets to reduce memory usage. Loaded Objects now: 2317.
Total: 2.459300 ms (FindLiveObjects: 0.258500 ms CreateObjectMapping: 0.081900 ms MarkObjects: 1.978400 ms  DeleteObjects: 0.139400 ms)

========================================================================
Received Import Request.
  Time since last request: 326.052551 seconds.
  path: Assets/Prefabs/Damage.prefab
  artifactKey: Guid(0f00f1376dbf64c4da0863b8b6f759ae) Importer(815301076,1909f56bfc062723c751e8b465ee728b)
Start importing Assets/Prefabs/Damage.prefab using Guid(0f00f1376dbf64c4da0863b8b6f759ae) Importer(815301076,1909f56bfc062723c751e8b465ee728b)  -> (artifact id: '3c13e394a35e0038591c408059ce09a0') in 0.544722 seconds
  Import took 0.550788 seconds .

========================================================================
Received Prepare
Registering precompiled user dll's ...
Registered in 0.003202 seconds.
Begin MonoManager ReloadAssembly
Native extension for WindowsStandalone target not found
Refreshing native plugins compatible for Editor in 0.41 ms, found 1 plugins.
Preloading 0 native plugins for Editor in 0.00 ms.
Invoked RoslynAnalysisRunner static constructor.
RoslynAnalysisRunner will not be running.
RoslynAnalysisRunner has terminated.
Mono: successfully reloaded assembly
- Completed reload, in  1.024 seconds
Platform modules already initialized, skipping
Refreshing native plugins compatible for Editor in 0.51 ms, found 1 plugins.
Preloading 0 native plugins for Editor in 0.00 ms.
Unloading 1808 Unused Serialized files (Serialized files now loaded: 0)
System memory in use before: 162.4 MB.
System memory in use after: 162.4 MB.

Unloading 14 unused Assets to reduce memory usage. Loaded Objects now: 2321.
Total: 2.914600 ms (FindLiveObjects: 0.358300 ms CreateObjectMapping: 0.076300 ms MarkObjects: 2.314300 ms  DeleteObjects: 0.164200 ms)

========================================================================
Received Prepare
Registering precompiled user dll's ...
Registered in 0.003680 seconds.
Begin MonoManager ReloadAssembly
Native extension for WindowsStandalone target not found
Refreshing native plugins compatible for Editor in 0.42 ms, found 1 plugins.
Preloading 0 native plugins for Editor in 0.00 ms.
Invoked RoslynAnalysisRunner static constructor.
RoslynAnalysisRunner will not be running.
RoslynAnalysisRunner has terminated.
Mono: successfully reloaded assembly
- Completed reload, in  1.083 seconds
Platform modules already initialized, skipping
Refreshing native plugins compatible for Editor in 1.25 ms, found 1 plugins.
Preloading 0 native plugins for Editor in 0.00 ms.
Unloading 1808 Unused Serialized files (Serialized files now loaded: 0)
System memory in use before: 162.4 MB.
System memory in use after: 162.4 MB.

Unloading 14 unused Assets to reduce memory usage. Loaded Objects now: 2324.
Total: 3.312500 ms (FindLiveObjects: 0.391400 ms CreateObjectMapping: 0.132700 ms MarkObjects: 2.577200 ms  DeleteObjects: 0.210000 ms)

========================================================================
Received Prepare
Registering precompiled user dll's ...
Registered in 0.003738 seconds.
Begin MonoManager ReloadAssembly
Native extension for WindowsStandalone target not found
Refreshing native plugins compatible for Editor in 0.51 ms, found 1 plugins.
Preloading 0 native plugins for Editor in 0.00 ms.
Invoked RoslynAnalysisRunner static constructor.
RoslynAnalysisRunner will not be running.
RoslynAnalysisRunner has terminated.
Mono: successfully reloaded assembly
- Completed reload, in  0.997 seconds
Platform modules already initialized, skipping
Refreshing native plugins compatible for Editor in 0.45 ms, found 1 plugins.
Preloading 0 native plugins for Editor in 0.00 ms.
Unloading 1808 Unused Serialized files (Serialized files now loaded: 0)
System memory in use before: 162.4 MB.
System memory in use after: 162.4 MB.

Unloading 14 unused Assets to reduce memory usage. Loaded Objects now: 2327.
Total: 3.264100 ms (FindLiveObjects: 0.512800 ms CreateObjectMapping: 0.119000 ms MarkObjects: 2.468400 ms  DeleteObjects: 0.162000 ms)

========================================================================
Received Import Request.
  Time since last request: 1232.637583 seconds.
  path: Assets/Scripts/UI/ResultPanel.cs
  artifactKey: Guid(6c333441f95832d44b2d4e13191acbe6) Importer(815301076,1909f56bfc062723c751e8b465ee728b)
Start importing Assets/Scripts/UI/ResultPanel.cs using Guid(6c333441f95832d44b2d4e13191acbe6) Importer(815301076,1909f56bfc062723c751e8b465ee728b)  -> (artifact id: 'a3538bc41a3aff6daa2229114d20a59a') in 0.014018 seconds
  Import took 0.022333 seconds .

========================================================================
Received Prepare
Registering precompiled user dll's ...
Registered in 0.003533 seconds.
Begin MonoManager ReloadAssembly
Native extension for WindowsStandalone target not found
Refreshing native plugins compatible for Editor in 0.51 ms, found 1 plugins.
Preloading 0 native plugins for Editor in 0.00 ms.
Invoked RoslynAnalysisRunner static constructor.
RoslynAnalysisRunner will not be running.
RoslynAnalysisRunner has terminated.
Mono: successfully reloaded assembly
- Completed reload, in  1.263 seconds
Platform modules already initialized, skipping
Refreshing native plugins compatible for Editor in 0.44 ms, found 1 plugins.
Preloading 0 native plugins for Editor in 0.00 ms.
Unloading 1809 Unused Serialized files (Serialized files now loaded: 0)
System memory in use before: 162.5 MB.
System memory in use after: 162.5 MB.

Unloading 14 unused Assets to reduce memory usage. Loaded Objects now: 2331.
Total: 3.064100 ms (FindLiveObjects: 0.225600 ms CreateObjectMapping: 0.071300 ms MarkObjects: 2.558200 ms  DeleteObjects: 0.208000 ms)

========================================================================
Received Prepare
Registering precompiled user dll's ...
Registered in 0.006206 seconds.
Begin MonoManager ReloadAssembly
Native extension for WindowsStandalone target not found
Refreshing native plugins compatible for Editor in 0.47 ms, found 1 plugins.
Preloading 0 native plugins for Editor in 0.00 ms.
Invoked RoslynAnalysisRunner static constructor.
RoslynAnalysisRunner will not be running.
RoslynAnalysisRunner has terminated.
Mono: successfully reloaded assembly
- Completed reload, in  1.299 seconds
Platform modules already initialized, skipping
Refreshing native plugins compatible for Editor in 0.46 ms, found 1 plugins.
Preloading 0 native plugins for Editor in 0.00 ms.
Unloading 1809 Unused Serialized files (Serialized files now loaded: 0)
System memory in use before: 162.5 MB.
System memory in use after: 162.5 MB.

Unloading 14 unused Assets to reduce memory usage. Loaded Objects now: 2334.
Total: 2.497100 ms (FindLiveObjects: 0.400400 ms CreateObjectMapping: 0.131200 ms MarkObjects: 1.784600 ms  DeleteObjects: 0.179100 ms)

========================================================================
Received Prepare
Registering precompiled user dll's ...
Registered in 0.004219 seconds.
Begin MonoManager ReloadAssembly
Native extension for WindowsStandalone target not found
Refreshing native plugins compatible for Editor in 0.39 ms, found 1 plugins.
Preloading 0 native plugins for Editor in 0.00 ms.
Invoked RoslynAnalysisRunner static constructor.
RoslynAnalysisRunner will not be running.
RoslynAnalysisRunner has terminated.
Mono: successfully reloaded assembly
- Completed reload, in  1.032 seconds
Platform modules already initialized, skipping
Refreshing native plugins compatible for Editor in 0.44 ms, found 1 plugins.
Preloading 0 native plugins for Editor in 0.00 ms.
Unloading 1809 Unused Serialized files (Serialized files now loaded: 0)
System memory in use before: 162.5 MB.
System memory in use after: 162.5 MB.

Unloading 14 unused Assets to reduce memory usage. Loaded Objects now: 2337.
Total: 2.994200 ms (FindLiveObjects: 0.378700 ms CreateObjectMapping: 0.088600 ms MarkObjects: 2.317100 ms  DeleteObjects: 0.208300 ms)

========================================================================
Received Prepare
Registering precompiled user dll's ...
Registered in 0.011043 seconds.
Begin MonoManager ReloadAssembly
Native extension for WindowsStandalone target not found
Refreshing native plugins compatible for Editor in 0.61 ms, found 1 plugins.
Preloading 0 native plugins for Editor in 0.00 ms.
Invoked RoslynAnalysisRunner static constructor.
RoslynAnalysisRunner will not be running.
RoslynAnalysisRunner has terminated.
Mono: successfully reloaded assembly
- Completed reload, in  1.741 seconds
Platform modules already initialized, skipping
Refreshing native plugins compatible for Editor in 0.39 ms, found 1 plugins.
Preloading 0 native plugins for Editor in 0.00 ms.
Unloading 1809 Unused Serialized files (Serialized files now loaded: 0)
System memory in use before: 162.5 MB.
System memory in use after: 162.5 MB.

Unloading 14 unused Assets to reduce memory usage. Loaded Objects now: 2340.
Total: 4.298100 ms (FindLiveObjects: 0.553100 ms CreateObjectMapping: 0.182800 ms MarkObjects: 3.353600 ms  DeleteObjects: 0.205900 ms)

========================================================================
Received Prepare
Registering precompiled user dll's ...
Registered in 0.003393 seconds.
Begin MonoManager ReloadAssembly
Native extension for WindowsStandalone target not found
Refreshing native plugins compatible for Editor in 0.37 ms, found 1 plugins.
Preloading 0 native plugins for Editor in 0.00 ms.
Invoked RoslynAnalysisRunner static constructor.
RoslynAnalysisRunner will not be running.
RoslynAnalysisRunner has terminated.
Mono: successfully reloaded assembly
- Completed reload, in  1.246 seconds
Platform modules already initialized, skipping
Refreshing native plugins compatible for Editor in 0.40 ms, found 1 plugins.
Preloading 0 native plugins for Editor in 0.00 ms.
Unloading 1809 Unused Serialized files (Serialized files now loaded: 0)
System memory in use before: 162.5 MB.
System memory in use after: 162.5 MB.

Unloading 14 unused Assets to reduce memory usage. Loaded Objects now: 2343.
Total: 2.780200 ms (FindLiveObjects: 0.209000 ms CreateObjectMapping: 0.071200 ms MarkObjects: 2.300700 ms  DeleteObjects: 0.198000 ms)

========================================================================
Received Import Request.
  Time since last request: 5055.996334 seconds.
  path: Assets/Scripts/UI/TitlePanel.cs
  artifactKey: Guid(84c77955ddfd7084c936ee3dab7374ee) Importer(815301076,1909f56bfc062723c751e8b465ee728b)
Start importing Assets/Scripts/UI/TitlePanel.cs using Guid(84c77955ddfd7084c936ee3dab7374ee) Importer(815301076,1909f56bfc062723c751e8b465ee728b)  -> (artifact id: '8ad482905a2c33ddd486e127ea6341cf') in 0.014664 seconds
  Import took 0.021424 seconds .

========================================================================
Received Prepare
Registering precompiled user dll's ...
Registered in 0.003688 seconds.
Begin MonoManager ReloadAssembly
Native extension for WindowsStandalone target not found
Refreshing native plugins compatible for Editor in 0.49 ms, found 1 plugins.
Preloading 0 native plugins for Editor in 0.00 ms.
Invoked RoslynAnalysisRunner static constructor.
RoslynAnalysisRunner will not be running.
RoslynAnalysisRunner has terminated.
Mono: successfully reloaded assembly
- Completed reload, in  1.041 seconds
Platform modules already initialized, skipping
Refreshing native plugins compatible for Editor in 0.42 ms, found 1 plugins.
Preloading 0 native plugins for Editor in 0.00 ms.
Unloading 1810 Unused Serialized files (Serialized files now loaded: 0)
System memory in use before: 162.5 MB.
System memory in use after: 162.5 MB.

Unloading 14 unused Assets to reduce memory usage. Loaded Objects now: 2347.
Total: 2.987500 ms (FindLiveObjects: 0.259700 ms CreateObjectMapping: 0.090500 ms MarkObjects: 2.282700 ms  DeleteObjects: 0.352100 ms)

========================================================================
Received Prepare
Registering precompiled user dll's ...
Registered in 0.003300 seconds.
Begin MonoManager ReloadAssembly
Native extension for WindowsStandalone target not found
Refreshing native plugins compatible for Editor in 0.37 ms, found 1 plugins.
Preloading 0 native plugins for Editor in 0.00 ms.
Invoked RoslynAnalysisRunner static constructor.
RoslynAnalysisRunner will not be running.
RoslynAnalysisRunner has terminated.
Mono: successfully reloaded assembly
- Completed reload, in  1.338 seconds
Platform modules already initialized, skipping
Refreshing native plugins compatible for Editor in 0.43 ms, found 1 plugins.
Preloading 0 native plugins for Editor in 0.00 ms.
Unloading 1810 Unused Serialized files (Serialized files now loaded: 0)
System memory in use before: 162.5 MB.
System memory in use after: 162.5 MB.

Unloading 14 unused Assets to reduce memory usage. Loaded Objects now: 2350.
Total: 3.137000 ms (FindLiveObjects: 0.298600 ms CreateObjectMapping: 0.134300 ms MarkObjects: 2.514000 ms  DeleteObjects: 0.188400 ms)

========================================================================
Received Import Request.
  Time since last request: 253.666321 seconds.
  path: Assets/Materials/NewUnlitShader.shader
  artifactKey: Guid(8a603ac82b834b64ab055bb28a8e1b44) Importer(815301076,1909f56bfc062723c751e8b465ee728b)
Start importing Assets/Materials/NewUnlitShader.shader using Guid(8a603ac82b834b64ab055bb28a8e1b44) Importer(815301076,1909f56bfc062723c751e8b465ee728b)  -> (artifact id: 'fa045f79fc52085863cd962f90983630') in 0.049119 seconds
  Import took 0.054518 seconds .

========================================================================
Received Import Request.
  Time since last request: 11.848334 seconds.
  path: Assets/Materials/GrayScaleShader.shader
  artifactKey: Guid(8a603ac82b834b64ab055bb28a8e1b44) Importer(815301076,1909f56bfc062723c751e8b465ee728b)
Start importing Assets/Materials/GrayScaleShader.shader using Guid(8a603ac82b834b64ab055bb28a8e1b44) Importer(815301076,1909f56bfc062723c751e8b465ee728b)  -> (artifact id: 'ed608010779540f193aa6fef586ed927') in 0.007218 seconds
  Import took 0.012400 seconds .

========================================================================
Received Import Request.
  Time since last request: 0.002908 seconds.
  path: Assets/Materials/GrayScaleShader.shader
  artifactKey: Guid(8a603ac82b834b64ab055bb28a8e1b44) Importer(815301076,1909f56bfc062723c751e8b465ee728b)
Start importing Assets/Materials/GrayScaleShader.shader using Guid(8a603ac82b834b64ab055bb28a8e1b44) Importer(815301076,1909f56bfc062723c751e8b465ee728b)  -> (artifact id: 'ed608010779540f193aa6fef586ed927') in 0.007819 seconds
  Import took 0.012623 seconds .

========================================================================
Received Import Request.
  Time since last request: 6.678683 seconds.
  path: Assets/Materials/GrayscaleShader.shader
  artifactKey: Guid(8a603ac82b834b64ab055bb28a8e1b44) Importer(815301076,1909f56bfc062723c751e8b465ee728b)
Start importing Assets/Materials/GrayscaleShader.shader using Guid(8a603ac82b834b64ab055bb28a8e1b44) Importer(815301076,1909f56bfc062723c751e8b465ee728b)  -> (artifact id: '2cf98841f02380e055205a1df31f848d') in 0.008448 seconds
  Import took 0.013086 seconds .

========================================================================
Received Import Request.
  Time since last request: 330.471877 seconds.
  path: Assets/Materials/GrayscaleShader.shader
  artifactKey: Guid(8a603ac82b834b64ab055bb28a8e1b44) Importer(815301076,1909f56bfc062723c751e8b465ee728b)
Start importing Assets/Materials/GrayscaleShader.shader using Guid(8a603ac82b834b64ab055bb28a8e1b44) Importer(815301076,1909f56bfc062723c751e8b465ee728b)  -> (artifact id: '6e4cf3d1be129b9355526eb0b9276350') in 0.013117 seconds
  Import took 0.021486 seconds .

========================================================================
Received Import Request.
  Time since last request: 14.617753 seconds.
  path: Assets/Materials/Custom_GrayscaleShader.mat
  artifactKey: Guid(ca9ab33843a73a04e853ab6a399ace16) Importer(815301076,1909f56bfc062723c751e8b465ee728b)
Start importing Assets/Materials/Custom_GrayscaleShader.mat using Guid(ca9ab33843a73a04e853ab6a399ace16) Importer(815301076,1909f56bfc062723c751e8b465ee728b)  -> (artifact id: 'b0f488a65b5f48817e387b9f59d02d49') in 0.185270 seconds
  Import took 0.193047 seconds .

========================================================================
Received Import Request.
  Time since last request: 24.637646 seconds.
  path: Assets/Materials/Grayscale Material.mat
  artifactKey: Guid(ca9ab33843a73a04e853ab6a399ace16) Importer(815301076,1909f56bfc062723c751e8b465ee728b)
Start importing Assets/Materials/Grayscale Material.mat using Guid(ca9ab33843a73a04e853ab6a399ace16) Importer(815301076,1909f56bfc062723c751e8b465ee728b)  -> (artifact id: 'f0216b782ca8cca1974b09b4d848a253') in 0.033282 seconds
  Import took 0.038573 seconds .

========================================================================
Received Prepare
Registering precompiled user dll's ...
Registered in 0.004942 seconds.
Begin MonoManager ReloadAssembly
Native extension for WindowsStandalone target not found
Refreshing native plugins compatible for Editor in 0.78 ms, found 1 plugins.
Preloading 0 native plugins for Editor in 0.00 ms.
Invoked RoslynAnalysisRunner static constructor.
RoslynAnalysisRunner will not be running.
RoslynAnalysisRunner has terminated.
Mono: successfully reloaded assembly
- Completed reload, in  1.163 seconds
Platform modules already initialized, skipping
Refreshing native plugins compatible for Editor in 0.59 ms, found 1 plugins.
Preloading 0 native plugins for Editor in 0.00 ms.
Unloading 1812 Unused Serialized files (Serialized files now loaded: 0)
System memory in use before: 162.9 MB.
System memory in use after: 162.9 MB.

Unloading 14 unused Assets to reduce memory usage. Loaded Objects now: 2389.
Total: 3.337800 ms (FindLiveObjects: 0.528800 ms CreateObjectMapping: 0.166900 ms MarkObjects: 2.448800 ms  DeleteObjects: 0.190200 ms)

========================================================================
Received Import Request.
  Time since last request: 21.975407 seconds.
  path: Assets/Scripts/CameraEffect.cs
  artifactKey: Guid(cf4f95337987fb64ea922262101daa89) Importer(815301076,1909f56bfc062723c751e8b465ee728b)
Start importing Assets/Scripts/CameraEffect.cs using Guid(cf4f95337987fb64ea922262101daa89) Importer(815301076,1909f56bfc062723c751e8b465ee728b)  -> (artifact id: '32e48c108ca950b1e63730acc988f6fe') in 0.009241 seconds
  Import took 0.014496 seconds .

========================================================================
Received Prepare
Registering precompiled user dll's ...
Registered in 0.004057 seconds.
Begin MonoManager ReloadAssembly
Native extension for WindowsStandalone target not found
Refreshing native plugins compatible for Editor in 0.41 ms, found 1 plugins.
Preloading 0 native plugins for Editor in 0.00 ms.
Invoked RoslynAnalysisRunner static constructor.
RoslynAnalysisRunner will not be running.
RoslynAnalysisRunner has terminated.
Mono: successfully reloaded assembly
- Completed reload, in  1.216 seconds
Platform modules already initialized, skipping
Refreshing native plugins compatible for Editor in 0.45 ms, found 1 plugins.
Preloading 0 native plugins for Editor in 0.00 ms.
Unloading 1811 Unused Serialized files (Serialized files now loaded: 0)
System memory in use before: 162.8 MB.
System memory in use after: 162.8 MB.

Unloading 14 unused Assets to reduce memory usage. Loaded Objects now: 2392.
Total: 3.012100 ms (FindLiveObjects: 0.781100 ms CreateObjectMapping: 0.109900 ms MarkObjects: 1.936200 ms  DeleteObjects: 0.181800 ms)

========================================================================
Received Prepare
Registering precompiled user dll's ...
Registered in 0.005772 seconds.
Begin MonoManager ReloadAssembly
Native extension for WindowsStandalone target not found
Refreshing native plugins compatible for Editor in 0.48 ms, found 1 plugins.
Preloading 0 native plugins for Editor in 0.00 ms.
Invoked RoslynAnalysisRunner static constructor.
RoslynAnalysisRunner will not be running.
RoslynAnalysisRunner has terminated.
Mono: successfully reloaded assembly
- Completed reload, in  2.399 seconds
Platform modules already initialized, skipping
Refreshing native plugins compatible for Editor in 0.45 ms, found 1 plugins.
Preloading 0 native plugins for Editor in 0.00 ms.
Unloading 1811 Unused Serialized files (Serialized files now loaded: 0)
System memory in use before: 162.8 MB.
System memory in use after: 162.8 MB.

Unloading 14 unused Assets to reduce memory usage. Loaded Objects now: 2395.
Total: 3.246000 ms (FindLiveObjects: 0.306000 ms CreateObjectMapping: 0.113900 ms MarkObjects: 2.678700 ms  DeleteObjects: 0.145500 ms)

========================================================================
Received Prepare
Registering precompiled user dll's ...
Registered in 0.003543 seconds.
Begin MonoManager ReloadAssembly
Native extension for WindowsStandalone target not found
Refreshing native plugins compatible for Editor in 0.41 ms, found 1 plugins.
Preloading 0 native plugins for Editor in 0.00 ms.
Invoked RoslynAnalysisRunner static constructor.
RoslynAnalysisRunner will not be running.
RoslynAnalysisRunner has terminated.
Mono: successfully reloaded assembly
- Completed reload, in  1.070 seconds
Platform modules already initialized, skipping
Refreshing native plugins compatible for Editor in 0.42 ms, found 1 plugins.
Preloading 0 native plugins for Editor in 0.00 ms.
Unloading 1811 Unused Serialized files (Serialized files now loaded: 0)
System memory in use before: 162.9 MB.
System memory in use after: 162.9 MB.

Unloading 14 unused Assets to reduce memory usage. Loaded Objects now: 2398.
Total: 2.652100 ms (FindLiveObjects: 0.400000 ms CreateObjectMapping: 0.144300 ms MarkObjects: 1.962200 ms  DeleteObjects: 0.144100 ms)

========================================================================
Received Prepare
Registering precompiled user dll's ...
Registered in 0.008734 seconds.
Begin MonoManager ReloadAssembly
Native extension for WindowsStandalone target not found
Refreshing native plugins compatible for Editor in 0.39 ms, found 1 plugins.
Preloading 0 native plugins for Editor in 0.00 ms.
Invoked RoslynAnalysisRunner static constructor.
RoslynAnalysisRunner will not be running.
RoslynAnalysisRunner has terminated.
Mono: successfully reloaded assembly
- Completed reload, in  1.108 seconds
Platform modules already initialized, skipping
Refreshing native plugins compatible for Editor in 0.49 ms, found 1 plugins.
Preloading 0 native plugins for Editor in 0.00 ms.
Unloading 1811 Unused Serialized files (Serialized files now loaded: 0)
System memory in use before: 162.9 MB.
System memory in use after: 162.9 MB.

Unloading 14 unused Assets to reduce memory usage. Loaded Objects now: 2401.
Total: 2.583500 ms (FindLiveObjects: 0.275000 ms CreateObjectMapping: 0.075200 ms MarkObjects: 2.076300 ms  DeleteObjects: 0.156000 ms)

========================================================================
Received Prepare
Registering precompiled user dll's ...
Registered in 0.004088 seconds.
Begin MonoManager ReloadAssembly
Native extension for WindowsStandalone target not found
Refreshing native plugins compatible for Editor in 0.40 ms, found 1 plugins.
Preloading 0 native plugins for Editor in 0.00 ms.
Invoked RoslynAnalysisRunner static constructor.
RoslynAnalysisRunner will not be running.
RoslynAnalysisRunner has terminated.
Mono: successfully reloaded assembly
- Completed reload, in  1.128 seconds
Platform modules already initialized, skipping
Refreshing native plugins compatible for Editor in 0.45 ms, found 1 plugins.
Preloading 0 native plugins for Editor in 0.00 ms.
Unloading 1811 Unused Serialized files (Serialized files now loaded: 0)
System memory in use before: 162.9 MB.
System memory in use after: 162.9 MB.

Unloading 14 unused Assets to reduce memory usage. Loaded Objects now: 2404.
Total: 4.171800 ms (FindLiveObjects: 0.343800 ms CreateObjectMapping: 0.068500 ms MarkObjects: 3.535600 ms  DeleteObjects: 0.222400 ms)

========================================================================
Received Prepare
Registering precompiled user dll's ...
Registered in 0.003894 seconds.
Begin MonoManager ReloadAssembly
Native extension for WindowsStandalone target not found
Refreshing native plugins compatible for Editor in 0.55 ms, found 1 plugins.
Preloading 0 native plugins for Editor in 0.00 ms.
Invoked RoslynAnalysisRunner static constructor.
RoslynAnalysisRunner will not be running.
RoslynAnalysisRunner has terminated.
Mono: successfully reloaded assembly
- Completed reload, in  1.101 seconds
Platform modules already initialized, skipping
Refreshing native plugins compatible for Editor in 0.39 ms, found 1 plugins.
Preloading 0 native plugins for Editor in 0.00 ms.
Unloading 1811 Unused Serialized files (Serialized files now loaded: 0)
System memory in use before: 162.9 MB.
System memory in use after: 162.9 MB.

Unloading 14 unused Assets to reduce memory usage. Loaded Objects now: 2407.
Total: 3.357900 ms (FindLiveObjects: 0.486300 ms CreateObjectMapping: 0.112100 ms MarkObjects: 2.585500 ms  DeleteObjects: 0.172700 ms)

========================================================================
Received Prepare
Registering precompiled user dll's ...
Registered in 0.003041 seconds.
Begin MonoManager ReloadAssembly
Native extension for WindowsStandalone target not found
Refreshing native plugins compatible for Editor in 0.47 ms, found 1 plugins.
Preloading 0 native plugins for Editor in 0.00 ms.
Invoked RoslynAnalysisRunner static constructor.
RoslynAnalysisRunner will not be running.
RoslynAnalysisRunner has terminated.
Mono: successfully reloaded assembly
- Completed reload, in  1.314 seconds
Platform modules already initialized, skipping
Refreshing native plugins compatible for Editor in 0.46 ms, found 1 plugins.
Preloading 0 native plugins for Editor in 0.00 ms.
Unloading 1811 Unused Serialized files (Serialized files now loaded: 0)
System memory in use before: 162.9 MB.
System memory in use after: 162.9 MB.

Unloading 14 unused Assets to reduce memory usage. Loaded Objects now: 2410.
Total: 2.903900 ms (FindLiveObjects: 0.334500 ms CreateObjectMapping: 0.153900 ms MarkObjects: 2.256800 ms  DeleteObjects: 0.156100 ms)

========================================================================
Received Prepare
Registering precompiled user dll's ...
Registered in 0.003095 seconds.
Begin MonoManager ReloadAssembly
Native extension for WindowsStandalone target not found
Refreshing native plugins compatible for Editor in 0.42 ms, found 1 plugins.
Preloading 0 native plugins for Editor in 0.00 ms.
Invoked RoslynAnalysisRunner static constructor.
RoslynAnalysisRunner will not be running.
RoslynAnalysisRunner has terminated.
Mono: successfully reloaded assembly
- Completed reload, in  1.134 seconds
Platform modules already initialized, skipping
Refreshing native plugins compatible for Editor in 0.51 ms, found 1 plugins.
Preloading 0 native plugins for Editor in 0.00 ms.
Unloading 1811 Unused Serialized files (Serialized files now loaded: 0)
System memory in use before: 162.9 MB.
System memory in use after: 162.9 MB.

Unloading 14 unused Assets to reduce memory usage. Loaded Objects now: 2413.
Total: 3.273000 ms (FindLiveObjects: 0.373900 ms CreateObjectMapping: 0.191000 ms MarkObjects: 2.563300 ms  DeleteObjects: 0.143000 ms)

========================================================================
Received Prepare
Registering precompiled user dll's ...
Registered in 0.003912 seconds.
Begin MonoManager ReloadAssembly
Native extension for WindowsStandalone target not found
Refreshing native plugins compatible for Editor in 0.45 ms, found 1 plugins.
Preloading 0 native plugins for Editor in 0.00 ms.
Invoked RoslynAnalysisRunner static constructor.
RoslynAnalysisRunner will not be running.
RoslynAnalysisRunner has terminated.
Mono: successfully reloaded assembly
- Completed reload, in  1.536 seconds
Platform modules already initialized, skipping
Refreshing native plugins compatible for Editor in 2.04 ms, found 1 plugins.
Preloading 0 native plugins for Editor in 0.00 ms.
Unloading 1811 Unused Serialized files (Serialized files now loaded: 0)
System memory in use before: 162.9 MB.
System memory in use after: 162.9 MB.

Unloading 14 unused Assets to reduce memory usage. Loaded Objects now: 2416.
Total: 5.540100 ms (FindLiveObjects: 1.570600 ms CreateObjectMapping: 0.825500 ms MarkObjects: 2.977800 ms  DeleteObjects: 0.156900 ms)

========================================================================
Received Prepare
Registering precompiled user dll's ...
Registered in 0.003919 seconds.
Begin MonoManager ReloadAssembly
Native extension for WindowsStandalone target not found
Refreshing native plugins compatible for Editor in 0.46 ms, found 1 plugins.
Preloading 0 native plugins for Editor in 0.00 ms.
Invoked RoslynAnalysisRunner static constructor.
RoslynAnalysisRunner will not be running.
RoslynAnalysisRunner has terminated.
Mono: successfully reloaded assembly
- Completed reload, in  1.180 seconds
Platform modules already initialized, skipping
Refreshing native plugins compatible for Editor in 0.46 ms, found 1 plugins.
Preloading 0 native plugins for Editor in 0.00 ms.
Unloading 1811 Unused Serialized files (Serialized files now loaded: 0)
System memory in use before: 162.9 MB.
System memory in use after: 162.9 MB.

Unloading 14 unused Assets to reduce memory usage. Loaded Objects now: 2419.
Total: 3.096800 ms (FindLiveObjects: 0.351300 ms CreateObjectMapping: 0.096600 ms MarkObjects: 2.506600 ms  DeleteObjects: 0.140200 ms)

========================================================================
Received Import Request.
  Time since last request: 2070.154963 seconds.
  path: Assets/Sprites/37d21db0-92a8-43ee-9534-fb04ed27919a.png
  artifactKey: Guid(a1c89d5e6d4468749a11b682e67e09e5) Importer(815301076,1909f56bfc062723c751e8b465ee728b)
Start importing Assets/Sprites/37d21db0-92a8-43ee-9534-fb04ed27919a.png using Guid(a1c89d5e6d4468749a11b682e67e09e5) Importer(815301076,1909f56bfc062723c751e8b465ee728b)  -> (artifact id: 'bdf595100a3f39db04ff08f6f4a3f382') in 0.071464 seconds
  Import took 0.077654 seconds .

========================================================================
Received Import Request.
  Time since last request: 0.002198 seconds.
  path: Assets/Sprites/37d21db0-92a8-43ee-9534-fb04ed27919a.png
  artifactKey: Guid(a1c89d5e6d4468749a11b682e67e09e5) Importer(815301076,1909f56bfc062723c751e8b465ee728b)
Start importing Assets/Sprites/37d21db0-92a8-43ee-9534-fb04ed27919a.png using Guid(a1c89d5e6d4468749a11b682e67e09e5) Importer(815301076,1909f56bfc062723c751e8b465ee728b)  -> (artifact id: 'bdf595100a3f39db04ff08f6f4a3f382') in 0.014457 seconds
  Import took 0.017655 seconds .

========================================================================
Received Prepare
Refreshing native plugins compatible for Editor in 9.83 ms, found 1 plugins.
Preloading 0 native plugins for Editor in 0.00 ms.
Unloading 12 Unused Serialized files (Serialized files now loaded: 0)
System memory in use before: 127.5 MB.
System memory in use after: 127.5 MB.

Unloading 12 unused Assets to reduce memory usage. Loaded Objects now: 2422.
Total: 10.422000 ms (FindLiveObjects: 2.491900 ms CreateObjectMapping: 1.156000 ms MarkObjects: 6.535500 ms  DeleteObjects: 0.228400 ms)

========================================================================
Received Import Request.
  Time since last request: 195.987642 seconds.
  path: Assets/Fonts/neodgm_pro UI Material.mat
  artifactKey: Guid(82bcb31e8236a7f40a2531c70a211b9e) Importer(815301076,1909f56bfc062723c751e8b465ee728b)
Start importing Assets/Fonts/neodgm_pro UI Material.mat using Guid(82bcb31e8236a7f40a2531c70a211b9e) Importer(815301076,1909f56bfc062723c751e8b465ee728b)  -> (artifact id: 'f6d2815c26d7171c79eec14ee5a12be2') in 0.658216 seconds
  Import took 0.665529 seconds .

========================================================================
Received Import Request.
  Time since last request: 4.994893 seconds.
  path: Assets/Scripts/CardManager.cs
  artifactKey: Guid(72fb1f7bb3610c0419c7226f320c4a4a) Importer(815301076,1909f56bfc062723c751e8b465ee728b)
Start importing Assets/Scripts/CardManager.cs using Guid(72fb1f7bb3610c0419c7226f320c4a4a) Importer(815301076,1909f56bfc062723c751e8b465ee728b)  -> (artifact id: '18899c6fa124a0c679296025e4235cd2') in 0.006905 seconds
  Import took 0.011414 seconds .

========================================================================
Received Import Request.
  Time since last request: 0.004359 seconds.
  path: Assets/Scripts/CardManager.cs
  artifactKey: Guid(72fb1f7bb3610c0419c7226f320c4a4a) Importer(815301076,1909f56bfc062723c751e8b465ee728b)
Start importing Assets/Scripts/CardManager.cs using Guid(72fb1f7bb3610c0419c7226f320c4a4a) Importer(815301076,1909f56bfc062723c751e8b465ee728b)  -> (artifact id: '18899c6fa124a0c679296025e4235cd2') in 0.005234 seconds
  Import took 0.008784 seconds .

========================================================================
Received Import Request.
  Time since last request: 0.420355 seconds.
  path: Assets/Scripts/Damage.cs
  artifactKey: Guid(b51ca4af9aeb9f94cb2c25429340630b) Importer(815301076,1909f56bfc062723c751e8b465ee728b)
Start importing Assets/Scripts/Damage.cs using Guid(b51ca4af9aeb9f94cb2c25429340630b) Importer(815301076,1909f56bfc062723c751e8b465ee728b)  -> (artifact id: 'fc8f2173f3c65333af9385f33fcce913') in 0.006812 seconds
  Import took 0.012234 seconds .

========================================================================
Received Import Request.
  Time since last request: 0.001609 seconds.
  path: Assets/Scripts/Damage.cs
  artifactKey: Guid(b51ca4af9aeb9f94cb2c25429340630b) Importer(815301076,1909f56bfc062723c751e8b465ee728b)
Start importing Assets/Scripts/Damage.cs using Guid(b51ca4af9aeb9f94cb2c25429340630b) Importer(815301076,1909f56bfc062723c751e8b465ee728b)  -> (artifact id: 'fc8f2173f3c65333af9385f33fcce913') in 0.008432 seconds
  Import took 0.013552 seconds .

========================================================================
Received Import Request.
  Time since last request: 0.359690 seconds.
  path: Assets/Scripts/Entity.cs
  artifactKey: Guid(28e7ff23fd7d1474182550f930c1aea1) Importer(815301076,1909f56bfc062723c751e8b465ee728b)
Start importing Assets/Scripts/Entity.cs using Guid(28e7ff23fd7d1474182550f930c1aea1) Importer(815301076,1909f56bfc062723c751e8b465ee728b)  -> (artifact id: '088935605a4f4ba16221e2f995aee77f') in 0.006610 seconds
  Import took 0.010092 seconds .

========================================================================
Received Import Request.
  Time since last request: 0.002806 seconds.
  path: Assets/Scripts/Entity.cs
  artifactKey: Guid(28e7ff23fd7d1474182550f930c1aea1) Importer(815301076,1909f56bfc062723c751e8b465ee728b)
Start importing Assets/Scripts/Entity.cs using Guid(28e7ff23fd7d1474182550f930c1aea1) Importer(815301076,1909f56bfc062723c751e8b465ee728b)  -> (artifact id: '088935605a4f4ba16221e2f995aee77f') in 0.006060 seconds
  Import took 0.010567 seconds .

========================================================================
Received Import Request.
  Time since last request: 0.267892 seconds.
  path: Assets/Scripts/EntityManager.cs
  artifactKey: Guid(bedc6b23e17a7844a8794114e0c121a0) Importer(815301076,1909f56bfc062723c751e8b465ee728b)
Start importing Assets/Scripts/EntityManager.cs using Guid(bedc6b23e17a7844a8794114e0c121a0) Importer(815301076,1909f56bfc062723c751e8b465ee728b)  -> (artifact id: '92e7faac92c44e13d0aba9cdbba9e5da') in 0.005708 seconds
  Import took 0.013405 seconds .

========================================================================
Received Import Request.
  Time since last request: 0.001138 seconds.
  path: Assets/Scripts/EntityManager.cs
  artifactKey: Guid(bedc6b23e17a7844a8794114e0c121a0) Importer(815301076,1909f56bfc062723c751e8b465ee728b)
Start importing Assets/Scripts/EntityManager.cs using Guid(bedc6b23e17a7844a8794114e0c121a0) Importer(815301076,1909f56bfc062723c751e8b465ee728b)  -> (artifact id: '92e7faac92c44e13d0aba9cdbba9e5da') in 0.009132 seconds
  Import took 0.016286 seconds .

========================================================================
Received Import Request.
  Time since last request: 2.130275 seconds.
  path: Assets/Scripts/TurnManager.cs
  artifactKey: Guid(6b142da4e01952e45bc5181b049fc329) Importer(815301076,1909f56bfc062723c751e8b465ee728b)
Start importing Assets/Scripts/TurnManager.cs using Guid(6b142da4e01952e45bc5181b049fc329) Importer(815301076,1909f56bfc062723c751e8b465ee728b)  -> (artifact id: '7d820c5aa4c87f8d2f4cef48ea526ebe') in 0.005785 seconds
  Import took 0.010618 seconds .

========================================================================
Received Import Request.
  Time since last request: 0.001115 seconds.
  path: Assets/Scripts/TurnManager.cs
  artifactKey: Guid(6b142da4e01952e45bc5181b049fc329) Importer(815301076,1909f56bfc062723c751e8b465ee728b)
Start importing Assets/Scripts/TurnManager.cs using Guid(6b142da4e01952e45bc5181b049fc329) Importer(815301076,1909f56bfc062723c751e8b465ee728b)  -> (artifact id: '7d820c5aa4c87f8d2f4cef48ea526ebe') in 0.005766 seconds
  Import took 0.011928 seconds .

========================================================================
Received Prepare
Registering precompiled user dll's ...
Registered in 0.003668 seconds.
Begin MonoManager ReloadAssembly
Native extension for WindowsStandalone target not found
Refreshing native plugins compatible for Editor in 0.40 ms, found 1 plugins.
Preloading 0 native plugins for Editor in 0.00 ms.
Invoked RoslynAnalysisRunner static constructor.
RoslynAnalysisRunner will not be running.
RoslynAnalysisRunner has terminated.
Mono: successfully reloaded assembly
- Completed reload, in  1.209 seconds
Platform modules already initialized, skipping
Refreshing native plugins compatible for Editor in 0.69 ms, found 1 plugins.
Preloading 0 native plugins for Editor in 0.00 ms.
Unloading 1811 Unused Serialized files (Serialized files now loaded: 0)
System memory in use before: 163.0 MB.
System memory in use after: 163.0 MB.

Unloading 14 unused Assets to reduce memory usage. Loaded Objects now: 2425.
Total: 2.704500 ms (FindLiveObjects: 0.382800 ms CreateObjectMapping: 0.154200 ms MarkObjects: 2.001600 ms  DeleteObjects: 0.163100 ms)

========================================================================
Received Import Request.
  Time since last request: 328.737228 seconds.
  path: Assets/Scripts/CardManager.cs
  artifactKey: Guid(72fb1f7bb3610c0419c7226f320c4a4a) Importer(815301076,1909f56bfc062723c751e8b465ee728b)
Start importing Assets/Scripts/CardManager.cs using Guid(72fb1f7bb3610c0419c7226f320c4a4a) Importer(815301076,1909f56bfc062723c751e8b465ee728b)  -> (artifact id: '95415cff091a38fd621c7305197ecce4') in 0.009168 seconds
  Import took 0.013572 seconds .

========================================================================
Received Prepare
Registering precompiled user dll's ...
Registered in 0.005809 seconds.
Begin MonoManager ReloadAssembly
Native extension for WindowsStandalone target not found
Refreshing native plugins compatible for Editor in 2.38 ms, found 1 plugins.
Preloading 0 native plugins for Editor in 0.00 ms.
Invoked RoslynAnalysisRunner static constructor.
RoslynAnalysisRunner will not be running.
RoslynAnalysisRunner has terminated.
Mono: successfully reloaded assembly
- Completed reload, in  1.635 seconds
Platform modules already initialized, skipping
Refreshing native plugins compatible for Editor in 0.40 ms, found 1 plugins.
Preloading 0 native plugins for Editor in 0.00 ms.
Unloading 1811 Unused Serialized files (Serialized files now loaded: 0)
System memory in use before: 163.0 MB.
System memory in use after: 162.9 MB.

Unloading 14 unused Assets to reduce memory usage. Loaded Objects now: 2428.
Total: 3.564800 ms (FindLiveObjects: 0.376600 ms CreateObjectMapping: 0.213000 ms MarkObjects: 2.750200 ms  DeleteObjects: 0.223300 ms)

========================================================================
Received Prepare
Registering precompiled user dll's ...
Registered in 0.003602 seconds.
Begin MonoManager ReloadAssembly
Native extension for WindowsStandalone target not found
Refreshing native plugins compatible for Editor in 0.67 ms, found 1 plugins.
Preloading 0 native plugins for Editor in 0.00 ms.
Invoked RoslynAnalysisRunner static constructor.
RoslynAnalysisRunner will not be running.
RoslynAnalysisRunner has terminated.
Mono: successfully reloaded assembly
- Completed reload, in  1.228 seconds
Platform modules already initialized, skipping
Refreshing native plugins compatible for Editor in 0.42 ms, found 1 plugins.
Preloading 0 native plugins for Editor in 0.00 ms.
Unloading 1811 Unused Serialized files (Serialized files now loaded: 0)
System memory in use before: 163.0 MB.
System memory in use after: 163.0 MB.

Unloading 14 unused Assets to reduce memory usage. Loaded Objects now: 2431.
Total: 3.458400 ms (FindLiveObjects: 0.233600 ms CreateObjectMapping: 0.120300 ms MarkObjects: 2.945600 ms  DeleteObjects: 0.156700 ms)

========================================================================
Received Prepare
Registering precompiled user dll's ...
Registered in 0.003948 seconds.
Begin MonoManager ReloadAssembly
Native extension for WindowsStandalone target not found
Refreshing native plugins compatible for Editor in 0.57 ms, found 1 plugins.
Preloading 0 native plugins for Editor in 0.00 ms.
Invoked RoslynAnalysisRunner static constructor.
RoslynAnalysisRunner will not be running.
RoslynAnalysisRunner has terminated.
Mono: successfully reloaded assembly
- Completed reload, in  1.527 seconds
Platform modules already initialized, skipping
Refreshing native plugins compatible for Editor in 0.67 ms, found 1 plugins.
Preloading 0 native plugins for Editor in 0.00 ms.
Unloading 1811 Unused Serialized files (Serialized files now loaded: 0)
System memory in use before: 163.0 MB.
System memory in use after: 163.0 MB.

Unloading 14 unused Assets to reduce memory usage. Loaded Objects now: 2434.
Total: 3.752500 ms (FindLiveObjects: 0.569300 ms CreateObjectMapping: 0.149300 ms MarkObjects: 2.888200 ms  DeleteObjects: 0.143000 ms)

========================================================================
Received Prepare
Registering precompiled user dll's ...
Registered in 0.003148 seconds.
Begin MonoManager ReloadAssembly
Native extension for WindowsStandalone target not found
Refreshing native plugins compatible for Editor in 0.54 ms, found 1 plugins.
Preloading 0 native plugins for Editor in 0.00 ms.
Invoked RoslynAnalysisRunner static constructor.
RoslynAnalysisRunner will not be running.
RoslynAnalysisRunner has terminated.
Mono: successfully reloaded assembly
- Completed reload, in  1.087 seconds
Platform modules already initialized, skipping
Refreshing native plugins compatible for Editor in 0.42 ms, found 1 plugins.
Preloading 0 native plugins for Editor in 0.00 ms.
Unloading 1811 Unused Serialized files (Serialized files now loaded: 0)
System memory in use before: 163.0 MB.
System memory in use after: 163.0 MB.

Unloading 14 unused Assets to reduce memory usage. Loaded Objects now: 2437.
Total: 3.245700 ms (FindLiveObjects: 0.191000 ms CreateObjectMapping: 0.058000 ms MarkObjects: 2.836300 ms  DeleteObjects: 0.158900 ms)

AssetImportWorkerClient::OnTransportError - code=2 error=End of file
